Log file open, 02/20/17 10:53:08
LogInit:Display: Running engine for game: RunnerAbuelita
LogPlatformFile: Not using cached read wrapper
LogInit:Display: RandInit(1525030627) SRandInit(1525030627).
LogTaskGraph: Started task graph with 5 named threads and 8 total threads with 1 sets of task threads.
LogStats: Stats thread started at 0.082975
LogPluginManager: Loaded Plugin Paper2D, From C:/Program Files (x86)/Epic Games/4.13/Engine/Plugins/2D/Paper2D/Paper2D.uplugin
LogPluginManager: Loaded Plugin LightPropagationVolume, From C:/Program Files (x86)/Epic Games/4.13/Engine/Plugins/Blendables/LightPropagationVolume/LightPropagationVolume.uplugin
LogPluginManager: Loaded Plugin BlankPlugin, From C:/Program Files (x86)/Epic Games/4.13/Engine/Plugins/Developer/BlankPlugin/BlankPlugin.uplugin
LogPluginManager: Loaded Plugin CodeLiteSourceCodeAccess, From C:/Program Files (x86)/Epic Games/4.13/Engine/Plugins/Developer/CodeLiteSourceCodeAccess/CodeLiteSourceCodeAccess.uplugin
LogPluginManager: Loaded Plugin GitSourceControl, From C:/Program Files (x86)/Epic Games/4.13/Engine/Plugins/Developer/GitSourceControl/GitSourceControl.uplugin
LogPluginManager: Loaded Plugin KDevelopSourceCodeAccess, From C:/Program Files (x86)/Epic Games/4.13/Engine/Plugins/Developer/KDevelopSourceCodeAccess/KDevelopSourceCodeAccess.uplugin
LogPluginManager: Loaded Plugin NullSourceCodeAccess, From C:/Program Files (x86)/Epic Games/4.13/Engine/Plugins/Developer/NullSourceCodeAccess/NullSourceCodeAccess.uplugin
LogPluginManager: Loaded Plugin OneSkyLocalizationService, From C:/Program Files (x86)/Epic Games/4.13/Engine/Plugins/Developer/OneSkyLocalizationService/OneSkyLocalizationService.uplugin
LogPluginManager: Loaded Plugin PerforceSourceControl, From C:/Program Files (x86)/Epic Games/4.13/Engine/Plugins/Developer/PerforceSourceControl/PerforceSourceControl.uplugin
LogPluginManager: Loaded Plugin SubversionSourceControl, From C:/Program Files (x86)/Epic Games/4.13/Engine/Plugins/Developer/SubversionSourceControl/SubversionSourceControl.uplugin
LogPluginManager: Loaded Plugin UObjectPlugin, From C:/Program Files (x86)/Epic Games/4.13/Engine/Plugins/Developer/UObjectPlugin/UObjectPlugin.uplugin
LogPluginManager: Loaded Plugin VisualStudioSourceCodeAccess, From C:/Program Files (x86)/Epic Games/4.13/Engine/Plugins/Developer/VisualStudioSourceCodeAccess/VisualStudioSourceCodeAccess.uplugin
LogPluginManager: Loaded Plugin XCodeSourceCodeAccess, From C:/Program Files (x86)/Epic Games/4.13/Engine/Plugins/Developer/XCodeSourceCodeAccess/XCodeSourceCodeAccess.uplugin
LogPluginManager: Loaded Plugin EpicSurvey, From C:/Program Files (x86)/Epic Games/4.13/Engine/Plugins/Editor/EpicSurvey/EpicSurvey.uplugin
LogPluginManager: Loaded Plugin MacGraphicsSwitching, From C:/Program Files (x86)/Epic Games/4.13/Engine/Plugins/Editor/MacGraphicsSwitching/MacGraphicsSwitching.uplugin
LogPluginManager: Loaded Plugin MobileLauncherProfileWizard, From C:/Program Files (x86)/Epic Games/4.13/Engine/Plugins/Editor/MobileLauncherProfileWizard/MobileLauncherProfileWizard.uplugin
LogPluginManager: Loaded Plugin PluginBrowser, From C:/Program Files (x86)/Epic Games/4.13/Engine/Plugins/Editor/PluginBrowser/PluginBrowser.uplugin
LogPluginManager: Loaded Plugin SpeedTreeImporter, From C:/Program Files (x86)/Epic Games/4.13/Engine/Plugins/Editor/SpeedTreeImporter/SpeedTreeImporter.uplugin
LogPluginManager: Loaded Plugin SuperSearchEditor, From C:/Program Files (x86)/Epic Games/4.13/Engine/Plugins/Editor/SuperSearchEditor/SuperSearchEditor.uplugin
LogPluginManager: Loaded Plugin AlembicImporter, From C:/Program Files (x86)/Epic Games/4.13/Engine/Plugins/Experimental/AlembicImporter/AlembicImporter.uplugin
LogPluginManager: Loaded Plugin BlueprintStats, From C:/Program Files (x86)/Epic Games/4.13/Engine/Plugins/Experimental/BlueprintStats/BlueprintStats.uplugin
LogPluginManager: Loaded Plugin CharacterAI, From C:/Program Files (x86)/Epic Games/4.13/Engine/Plugins/Experimental/CharacterAI/CharacterAI.uplugin
LogPluginManager: Loaded Plugin CodeEditor, From C:/Program Files (x86)/Epic Games/4.13/Engine/Plugins/Experimental/CodeEditor/CodeEditor.uplugin
LogPluginManager: Loaded Plugin CodeView, From C:/Program Files (x86)/Epic Games/4.13/Engine/Plugins/Experimental/CodeView/CodeView.uplugin
LogPluginManager: Loaded Plugin HTML5Networking, From C:/Program Files (x86)/Epic Games/4.13/Engine/Plugins/Experimental/HTML5Networking/HTML5Networking.uplugin
LogPluginManager: Loaded Plugin LiveEditor, From C:/Program Files (x86)/Epic Games/4.13/Engine/Plugins/Experimental/LiveEditor/LiveEditor.uplugin
LogPluginManager: Loaded Plugin OSVR, From C:/Program Files (x86)/Epic Games/4.13/Engine/Plugins/Experimental/OSVR/OSVR.uplugin
LogPluginManager: Loaded Plugin Phya, From C:/Program Files (x86)/Epic Games/4.13/Engine/Plugins/Experimental/Phya/Phya.uplugin
LogPluginManager: Loaded Plugin SignificanceManager, From C:/Program Files (x86)/Epic Games/4.13/Engine/Plugins/Experimental/SignificanceManager/SignificanceManager.uplugin
LogPluginManager: Loaded Plugin SimpleHMD, From C:/Program Files (x86)/Epic Games/4.13/Engine/Plugins/Experimental/SimpleHMD/SimpleHMD.uplugin
LogPluginManager: Loaded Plugin StereoPanorama, From C:/Program Files (x86)/Epic Games/4.13/Engine/Plugins/Experimental/StereoPanorama/StereoPanorama.uplugin
LogPluginManager: Loaded Plugin StructBox, From C:/Program Files (x86)/Epic Games/4.13/Engine/Plugins/Experimental/StructBox/StructBox.uplugin
LogPluginManager: Loaded Plugin AndroidMedia, From C:/Program Files (x86)/Epic Games/4.13/Engine/Plugins/Media/AndroidMedia/AndroidMedia.uplugin
LogPluginManager: Loaded Plugin AvfMedia, From C:/Program Files (x86)/Epic Games/4.13/Engine/Plugins/Media/AvfMedia/AvfMedia.uplugin
LogPluginManager: Loaded Plugin MediaPlayerEditor, From C:/Program Files (x86)/Epic Games/4.13/Engine/Plugins/Media/MediaPlayerEditor/MediaPlayerEditor.uplugin
LogPluginManager: Loaded Plugin WmfMedia, From C:/Program Files (x86)/Epic Games/4.13/Engine/Plugins/Media/WmfMedia/WmfMedia.uplugin
LogPluginManager: Loaded Plugin MessagingDebugger, From C:/Program Files (x86)/Epic Games/4.13/Engine/Plugins/Messaging/MessagingDebugger/MessagingDebugger.uplugin
LogPluginManager: Loaded Plugin TcpMessaging, From C:/Program Files (x86)/Epic Games/4.13/Engine/Plugins/Messaging/TcpMessaging/TcpMessaging.uplugin
LogPluginManager: Loaded Plugin UdpMessaging, From C:/Program Files (x86)/Epic Games/4.13/Engine/Plugins/Messaging/UdpMessaging/UdpMessaging.uplugin
LogPluginManager: Loaded Plugin LevelSequenceEditor, From C:/Program Files (x86)/Epic Games/4.13/Engine/Plugins/MovieScene/LevelSequenceEditor/LevelSequenceEditor.uplugin
LogPluginManager: Loaded Plugin MatineeToLevelSequence, From C:/Program Files (x86)/Epic Games/4.13/Engine/Plugins/MovieScene/MatineeToLevelSequence/MatineeToLevelSequence.uplugin
LogPluginManager: Loaded Plugin NetcodeUnitTest, From C:/Program Files (x86)/Epic Games/4.13/Engine/Plugins/NetcodeUnitTest/NetcodeUnitTest/NetcodeUnitTest.uplugin
LogPluginManager: Loaded Plugin NUTUnrealEngine4, From C:/Program Files (x86)/Epic Games/4.13/Engine/Plugins/NetcodeUnitTest/NUTUnrealEngine4/NUTUnrealEngine4.uplugin
LogPluginManager: Loaded Plugin OnlineSubsystemGooglePlay, From C:/Program Files (x86)/Epic Games/4.13/Engine/Plugins/Online/Android/OnlineSubsystemGooglePlay/OnlineSubsystemGooglePlay.uplugin
LogPluginManager: Loaded Plugin OnlineSubsystemIOS, From C:/Program Files (x86)/Epic Games/4.13/Engine/Plugins/Online/IOS/OnlineSubsystemIOS/OnlineSubsystemIOS.uplugin
LogPluginManager: Loaded Plugin OnlineFramework, From C:/Program Files (x86)/Epic Games/4.13/Engine/Plugins/Online/OnlineFramework/OnlineFramework.uplugin
LogPluginManager: Loaded Plugin OnlineSubsystem, From C:/Program Files (x86)/Epic Games/4.13/Engine/Plugins/Online/OnlineSubsystem/OnlineSubsystem.uplugin
LogPluginManager: Loaded Plugin OnlineSubsystemAmazon, From C:/Program Files (x86)/Epic Games/4.13/Engine/Plugins/Online/OnlineSubsystemAmazon/OnlineSubsystemAmazon.uplugin
LogPluginManager: Loaded Plugin OnlineSubsystemFacebook, From C:/Program Files (x86)/Epic Games/4.13/Engine/Plugins/Online/OnlineSubsystemFacebook/OnlineSubsystemFacebook.uplugin
LogPluginManager: Loaded Plugin OnlineSubsystemNull, From C:/Program Files (x86)/Epic Games/4.13/Engine/Plugins/Online/OnlineSubsystemNull/OnlineSubsystemNull.uplugin
LogPluginManager: Loaded Plugin OnlineSubsystemOculus, From C:/Program Files (x86)/Epic Games/4.13/Engine/Plugins/Online/OnlineSubsystemOculus/OnlineSubsystemOculus.uplugin
LogPluginManager: Loaded Plugin OnlineSubsystemSteam, From C:/Program Files (x86)/Epic Games/4.13/Engine/Plugins/Online/OnlineSubsystemSteam/OnlineSubsystemSteam.uplugin
LogPluginManager: Loaded Plugin OnlineSubsystemUtils, From C:/Program Files (x86)/Epic Games/4.13/Engine/Plugins/Online/OnlineSubsystemUtils/OnlineSubsystemUtils.uplugin
LogPluginManager: Loaded Plugin IOSTapJoy, From C:/Program Files (x86)/Epic Games/4.13/Engine/Plugins/Runtime/Advertising/IOSTapJoy/IOSTapJoy.uplugin
LogPluginManager: Loaded Plugin AnalyticsBlueprintLibrary, From C:/Program Files (x86)/Epic Games/4.13/Engine/Plugins/Runtime/Analytics/AnalyticsBlueprintLibrary/AnalyticsBlueprintLibrary.uplugin
LogPluginManager: Loaded Plugin AnalyticsMulticast, From C:/Program Files (x86)/Epic Games/4.13/Engine/Plugins/Runtime/Analytics/AnalyticsMulticast/AnalyticsMulticast.uplugin
LogPluginManager: Loaded Plugin Apsalar, From C:/Program Files (x86)/Epic Games/4.13/Engine/Plugins/Runtime/Analytics/Apsalar/Apsalar.uplugin
LogPluginManager: Loaded Plugin FileLogging, From C:/Program Files (x86)/Epic Games/4.13/Engine/Plugins/Runtime/Analytics/FileLogging/FileLogging.uplugin
LogPluginManager: Loaded Plugin Flurry, From C:/Program Files (x86)/Epic Games/4.13/Engine/Plugins/Runtime/Analytics/Flurry/Flurry.uplugin
LogPluginManager: Loaded Plugin AndroidDeviceProfileSelector, From C:/Program Files (x86)/Epic Games/4.13/Engine/Plugins/Runtime/AndroidDeviceProfileSelector/AndroidDeviceProfileSelector.uplugin
LogPluginManager: Loaded Plugin AndroidMoviePlayer, From C:/Program Files (x86)/Epic Games/4.13/Engine/Plugins/Runtime/AndroidMoviePlayer/AndroidMoviePlayer.uplugin
LogPluginManager: Loaded Plugin AppleMoviePlayer, From C:/Program Files (x86)/Epic Games/4.13/Engine/Plugins/Runtime/AppleMoviePlayer/AppleMoviePlayer.uplugin
LogPluginManager: Loaded Plugin ArchVisCharacter, From C:/Program Files (x86)/Epic Games/4.13/Engine/Plugins/Runtime/ArchVisCharacter/ArchVisCharacter.uplugin
LogPluginManager: Loaded Plugin CableComponent, From C:/Program Files (x86)/Epic Games/4.13/Engine/Plugins/Runtime/CableComponent/CableComponent.uplugin
LogPluginManager: Loaded Plugin CustomMeshComponent, From C:/Program Files (x86)/Epic Games/4.13/Engine/Plugins/Runtime/CustomMeshComponent/CustomMeshComponent.uplugin
LogPluginManager: Loaded Plugin ExampleDeviceProfileSelector, From C:/Program Files (x86)/Epic Games/4.13/Engine/Plugins/Runtime/ExampleDeviceProfileSelector/ExampleDeviceProfileSelector.uplugin
LogPluginManager: Loaded Plugin GearVR, From C:/Program Files (x86)/Epic Games/4.13/Engine/Plugins/Runtime/GearVR/GearVR.uplugin
LogPluginManager: Loaded Plugin GoogleVRController, From C:/Program Files (x86)/Epic Games/4.13/Engine/Plugins/Runtime/GoogleVR/GoogleVRController/GoogleVRController.uplugin
LogPluginManager: Loaded Plugin GoogleVRHMD, From C:/Program Files (x86)/Epic Games/4.13/Engine/Plugins/Runtime/GoogleVR/GoogleVRHMD/GoogleVRHMD.uplugin
LogPluginManager: Loaded Plugin IOSDeviceProfileSelector, From C:/Program Files (x86)/Epic Games/4.13/Engine/Plugins/Runtime/IOSDeviceProfileSelector/IOSDeviceProfileSelector.uplugin
LogPluginManager: Loaded Plugin LeapMotion, From C:/Program Files (x86)/Epic Games/4.13/Engine/Plugins/Runtime/LeapMotion/LeapMotion.uplugin
LogPluginManager: Loaded Plugin LinuxDeviceProfileSelector, From C:/Program Files (x86)/Epic Games/4.13/Engine/Plugins/Runtime/LinuxDeviceProfileSelector/LinuxDeviceProfileSelector.uplugin
LogPluginManager: Loaded Plugin LiveEditorListenServer, From C:/Program Files (x86)/Epic Games/4.13/Engine/Plugins/Runtime/LiveEditorListenServer/LiveEditorListenServer.uplugin
LogPluginManager: Loaded Plugin OculusAudio, From C:/Program Files (x86)/Epic Games/4.13/Engine/Plugins/Runtime/OculusAudio/OculusAudio.uplugin
LogPluginManager: Loaded Plugin OculusInput, From C:/Program Files (x86)/Epic Games/4.13/Engine/Plugins/Runtime/OculusInput/OculusInput.uplugin
LogPluginManager: Loaded Plugin OculusLibrary, From C:/Program Files (x86)/Epic Games/4.13/Engine/Plugins/Runtime/OculusLibrary/OculusLibrary.uplugin
LogPluginManager: Loaded Plugin OculusRift, From C:/Program Files (x86)/Epic Games/4.13/Engine/Plugins/Runtime/OculusRift/OculusRift.uplugin
LogPluginManager: Loaded Plugin Oodle, From C:/Program Files (x86)/Epic Games/4.13/Engine/Plugins/Runtime/PacketHandlers/CompressionComponents/Oodle/Oodle.uplugin
LogPluginManager: Loaded Plugin ProceduralMeshComponent, From C:/Program Files (x86)/Epic Games/4.13/Engine/Plugins/Runtime/ProceduralMeshComponent/ProceduralMeshComponent.uplugin
LogPluginManager: Loaded Plugin SoundMod, From C:/Program Files (x86)/Epic Games/4.13/Engine/Plugins/Runtime/SoundMod/SoundMod.uplugin
LogPluginManager: Loaded Plugin SoundVisualizations, From C:/Program Files (x86)/Epic Games/4.13/Engine/Plugins/Runtime/SoundVisualizations/SoundVisualizations.uplugin
LogPluginManager: Loaded Plugin SteamController, From C:/Program Files (x86)/Epic Games/4.13/Engine/Plugins/Runtime/Steam/SteamController/SteamController.uplugin
LogPluginManager: Loaded Plugin SteamVR, From C:/Program Files (x86)/Epic Games/4.13/Engine/Plugins/Runtime/Steam/SteamVR/SteamVR.uplugin
LogPluginManager: Loaded Plugin WebBrowserWidget, From C:/Program Files (x86)/Epic Games/4.13/Engine/Plugins/Runtime/WebBrowserWidget/WebBrowserWidget.uplugin
LogPluginManager: Loaded Plugin WindowsDeviceProfileSelector, From C:/Program Files (x86)/Epic Games/4.13/Engine/Plugins/Runtime/WindowsDeviceProfileSelector/WindowsDeviceProfileSelector.uplugin
LogPluginManager: Loaded Plugin WindowsMoviePlayer, From C:/Program Files (x86)/Epic Games/4.13/Engine/Plugins/Runtime/WindowsMoviePlayer/WindowsMoviePlayer.uplugin
LogPluginManager: Loaded Plugin ScriptPlugin, From C:/Program Files (x86)/Epic Games/4.13/Engine/Plugins/ScriptPlugin/ScriptPlugin.uplugin
LogPluginManager: Loaded Plugin SlateRemote, From C:/Program Files (x86)/Epic Games/4.13/Engine/Plugins/Slate/SlateRemote/SlateRemote.uplugin
LogInit: Using libcurl 7.47.1
LogInit:  - built for x86_64-pc-win32
LogInit:  - supports SSL with WinSSL
LogInit:  - other features:
LogInit:      CURL_VERSION_SSL
LogInit:      CURL_VERSION_IPV6
LogInit:      CURL_VERSION_ASYNCHDNS
LogInit:      CURL_VERSION_LARGEFILE
LogInit:      CURL_VERSION_IDN
LogInit:  CurlRequestOptions (configurable via config and command line):
LogInit:  - bVerifyPeer = false  - Libcurl will NOT verify peer certificate
LogInit:  - bUseHttpProxy = false  - Libcurl will NOT use HTTP proxy
LogInit:  - bDontReuseConnections = false  - Libcurl will reuse connections
LogInit:  - CertBundlePath = nullptr  - Libcurl will use whatever was configured at build time.
LogInit: Build: ++UE4+Release-4.13-CL-3172292
LogInit: Engine Version: 4.13.2-3172292+++UE4+Release-4.13
LogInit: Compatible Engine Version: 4.13.0-3106830+++UE4+Release-4.13
LogInit: Net CL: 3172292
LogDevObjectVersion: Number of dev versions registered: 13
LogDevObjectVersion:   Dev-Blueprints (B0D832E4-1F89-4F0D-ACCF-7EB736FD4AA2): 5
LogDevObjectVersion:   Dev-Build (E1C64328-A22C-4D53-A36C-8E866417BD8C): 0
LogDevObjectVersion:   Dev-Core (375EC13C-06E4-48FB-B500-84F0262A717E): 1
LogDevObjectVersion:   Dev-Editor (E4B068ED-F494-42E9-A231-DA0B2E46BB41): 6
LogDevObjectVersion:   Dev-Framework (CFFC743F-43B0-4480-9391-14DF171D2073): 12
LogDevObjectVersion:   Dev-Mobile (B02B49B5-BB20-44E9-A304-32B752E40360): 0
LogDevObjectVersion:   Dev-Networking (A4E4105C-59A1-49B5-A7C5-40C4547EDFEE): 0
LogDevObjectVersion:   Dev-Online (39C831C9-5AE6-47DC-9A44-9C173E1C8E7C): 0
LogDevObjectVersion:   Dev-Physics (78F01B33-EBEA-4F98-B9B4-84EACCB95AA2): 0
LogDevObjectVersion:   Dev-Platform (6631380F-2D4D-43E0-8009-CF276956A95A): 0
LogDevObjectVersion:   Dev-Rendering (12F88B9F-8875-4AFC-A67C-D90C383ABD29): 4
LogDevObjectVersion:   Dev-Sequencer (7B5AE74C-D270-4C10-A958-57980B212A5A): 0
LogDevObjectVersion:   Dev-VR (D7296918-1DD6-4BDD-9DE2-64A83CC13884): 0
LogInit: Compiled (64-bit): Oct 24 2016 14:29:06
LogInit: Compiled with Visual C++: 19.00.23026.00
LogInit: Build Configuration: Development
LogInit: Branch Name: ++UE4+Release-4.13
LogInit: Command line:  /Temp/Autosaves/Game/ThirdPersonBP/Maps/UEDPCThirdPersonExampleMap -game -PIEVIACONSOLE -ResX=1280 -ResY=720  -Multiprocess -windowed -messaging -SessionName="Play in Standalone Game" 
LogInit: Base directory: C:/Program Files (x86)/Epic Games/4.13/Engine/Binaries/Win64/
LogInit: Installed Engine Build: 1
LogInit: Presizing for max 8388607 objects, including 0 objects not considered by GC, pre-allocating 0 bytes for permanent pool.
LogInit: Object subsystem initialized
[2017.02.20-15.53.08:710][  0]LogInit: Selected Device Profile: [Windows]
[2017.02.20-15.53.08:710][  0]LogInit: Applying CVar settings loaded from the selected device profile: [Windows]
[2017.02.20-15.53.08:714][  0]LogInit: Computer: MSI
[2017.02.20-15.53.08:714][  0]LogInit: User: jsoba
[2017.02.20-15.53.08:714][  0]LogInit: CPU Page size=65536, Cores=4
[2017.02.20-15.53.08:714][  0]LogInit: High frequency timer resolution =2.630624 MHz
[2017.02.20-15.53.08:714][  0]LogMemory: Memory total: Physical=15.9GB (16GB approx)
[2017.02.20-15.53.08:714][  0]LogMemory: Platform Memory Stats for Windows
[2017.02.20-15.53.08:714][  0]LogMemory: Process Physical Memory: 256.08 MB used, 256.08 MB peak
[2017.02.20-15.53.08:714][  0]LogMemory: Process Virtual Memory: 260.19 MB used, 260.19 MB peak
[2017.02.20-15.53.08:714][  0]LogMemory: Physical Memory: 8019.29 MB used, 16299.20 MB total
[2017.02.20-15.53.08:714][  0]LogMemory: Virtual Memory: 623.24 MB used, 134217728.00 MB total
[2017.02.20-15.53.09:360][  0]LogTextLocalizationManager: No specific translations for ('en-US') exist, so ('en') translations will be used.
[2017.02.20-15.53.09:804][  0]LogD3D11RHI: D3D11 adapters:
[2017.02.20-15.53.09:845][  0]LogD3D11RHI:    0. 'NVIDIA GeForce GTX 970M' (Feature Level 11_0)
[2017.02.20-15.53.09:845][  0]LogD3D11RHI:       3040/0/8149 MB DedicatedVideo/DedicatedSystem/SharedSystem, Outputs:1, VendorId:0x10de
[2017.02.20-15.53.09:851][  0]LogD3D11RHI:    1. 'Intel(R) HD Graphics 5600' (Feature Level 11_0)
[2017.02.20-15.53.09:851][  0]LogD3D11RHI:       128/0/8149 MB DedicatedVideo/DedicatedSystem/SharedSystem, Outputs:0, VendorId:0x8086
[2017.02.20-15.53.09:852][  0]LogD3D11RHI:    2. 'Microsoft Basic Render Driver' (Feature Level 11_0)
[2017.02.20-15.53.09:852][  0]LogD3D11RHI:       0/0/8149 MB DedicatedVideo/DedicatedSystem/SharedSystem, Outputs:0, VendorId:0x1414
[2017.02.20-15.53.09:852][  0]LogD3D11RHI: Chosen D3D11 Adapter: 0
[2017.02.20-15.53.09:860][  0]LogD3D11RHI: Creating new Direct3DDevice
[2017.02.20-15.53.09:860][  0]LogD3D11RHI:     GPU DeviceId: 0x13d8 (for the marketing name, search the web for "GPU Device Id")
[2017.02.20-15.53.09:860][  0]LogWindows: EnumDisplayDevices:
[2017.02.20-15.53.09:860][  0]LogWindows:    0. 'Intel(R) HD Graphics 5600' (P:1 D:1)
[2017.02.20-15.53.09:860][  0]LogWindows:    1. 'Intel(R) HD Graphics 5600' (P:0 D:0)
[2017.02.20-15.53.09:860][  0]LogWindows:    2. 'Intel(R) HD Graphics 5600' (P:0 D:0)
[2017.02.20-15.53.09:860][  0]LogWindows: DebugString: PrimaryIsNotTheChoosenAdapter PrimaryIsNotTheChoosenAdapter PrimaryIsNotTheChoosenAdapter FoundDriverCount:0 
[2017.02.20-15.53.09:860][  0]LogD3D11RHI:     Adapter Name: NVIDIA GeForce GTX 970M
[2017.02.20-15.53.09:860][  0]LogD3D11RHI:   Driver Version: Unknown (internal:Unknown, unified:Unknown)
[2017.02.20-15.53.09:860][  0]LogD3D11RHI:      Driver Date: Unknown
[2017.02.20-15.53.09:860][  0]LogRHI: Texture pool is 1361 MB (70% of 1945 MB)
[2017.02.20-15.53.09:879][  0]LogD3D11RHI: Async texture creation enabled
[2017.02.20-15.53.09:897][  0]LogD3D11RHI: GPU Timing Frequency: 1000.000000 (Debug: 2 2)
[2017.02.20-15.53.09:897][  0]LogShaderCompilers: Guid format shader working directory is -35 characters bigger than the processId version (../../../../../../Users/jsoba/OneDrive/Documentos/Unreal Projects/RunnerAbuelita/Intermediate/Shaders/WorkingDirectory/15248/).
[2017.02.20-15.53.09:897][  0]LogShaderCompilers: Cleaned the shader compiler working directory 'C:/Users/jsoba/AppData/Local/Temp/UnrealShaderWorkingDir/9024A26A49D4ED88D6F70CAB4A13CDDB/'.
[2017.02.20-15.53.09:897][  0]LogShaderCompilers:Display: Using Local Shader Compiler.
[2017.02.20-15.53.11:032][  0]LogTemp:Display: Loaded TP WindowsClientTargetPlatform
[2017.02.20-15.53.11:041][  0]LogTemp:Display: Loaded TP WindowsNoEditorTargetPlatform
[2017.02.20-15.53.11:051][  0]LogTemp:Display: Loaded TP WindowsServerTargetPlatform
[2017.02.20-15.53.11:060][  0]LogTemp:Display: Loaded TP WindowsTargetPlatform
[2017.02.20-15.53.11:060][  0]LogTargetPlatformManager:Display: Building Assets For Windows
[2017.02.20-15.53.11:161][  0]LogDerivedDataCache:Display: Max Cache Size: 512 MB
[2017.02.20-15.53.11:241][  0]LogDerivedDataCache: Loaded boot cache 0.08s 63MB C:/Users/jsoba/AppData/Local/UnrealEngine/4.13/DerivedDataCache/Boot.ddc.
[2017.02.20-15.53.11:241][  0]LogDerivedDataCache:Display: Loaded Boot cache: C:/Users/jsoba/AppData/Local/UnrealEngine/4.13/DerivedDataCache/Boot.ddc
[2017.02.20-15.53.11:241][  0]LogDerivedDataCache: FDerivedDataBackendGraph:  Pak pak cache file ../../../../../../Users/jsoba/OneDrive/Documentos/Unreal Projects/RunnerAbuelita/DerivedDataCache/DDC.ddp not found, will not use a pak cache.
[2017.02.20-15.53.11:241][  0]LogDerivedDataCache: Unable to find inner node Pak for hierarchical cache Hierarchy.
[2017.02.20-15.53.11:242][  0]LogDerivedDataCache: FDerivedDataBackendGraph:  CompressedPak pak cache file ../../../../../../Users/jsoba/OneDrive/Documentos/Unreal Projects/RunnerAbuelita/DerivedDataCache/Compressed.ddp not found, will not use a pak cache.
[2017.02.20-15.53.11:242][  0]LogDerivedDataCache: Unable to find inner node CompressedPak for hierarchical cache Hierarchy.
[2017.02.20-15.53.11:260][  0]LogDerivedDataCache:Display: Pak cache opened for reading ../../../Engine/DerivedDataCache/Compressed.ddp.
[2017.02.20-15.53.11:271][  0]LogDerivedDataCache: Using Local data cache path C:/Users/jsoba/AppData/Local/UnrealEngine/Common/DerivedDataCache: Writable
[2017.02.20-15.53.11:456][  0]LogAssetRegistry: FAssetRegistry took 0.0001 seconds to start up
[2017.02.20-15.53.11:461][  0]LogPackageLocalizationCache: Processed 3 localized package path(s) for 2 prioritized culture(s) in 0.005350 seconds
[2017.02.20-15.53.11:479][  0]LogInit: Selected Device Profile: [Windows]
[2017.02.20-15.53.11:480][  0]LogContentStreaming: Texture pool size is 1000.00 MB
[2017.02.20-15.53.11:580][  0]LogMeshUtilities: No automatic mesh reduction module available
[2017.02.20-15.53.11:580][  0]LogMeshUtilities: No automatic mesh merging module available
[2017.02.20-15.53.11:580][  0]LogMeshUtilities: No distributed automatic mesh merging module available
[2017.02.20-15.53.11:643][  0]LogMaterial: Uniform references updated for custom material expression Custom.
[2017.02.20-15.53.11:955][  0]LogNetVersion: GetLocalNetworkVersion: CL: 3106830, ProjectName: runnerabuelita, ProjectVersion: , EngineNetworkVersion: 1, GameNetworkVersion: 0, NetworkChecksum: 2718364939
[2017.02.20-15.53.11:976][  0]LogInit: WinSock: version 1.1 (2.2), MaxSocks=32767, MaxUdp=65467
[2017.02.20-15.53.12:189][  0]LogSlate: SlateFontCache - WITH_FREETYPE: 1, WITH_HARFBUZZ: 1
[2017.02.20-15.53.12:189][  0]LogSlate: SlateFontCache - WITH_FREETYPE: 1, WITH_HARFBUZZ: 1
[2017.02.20-15.53.12:272][  0]LogMoviePlayer: Initializing movie player
[2017.02.20-15.53.12:414][  0]LogWindowsMoviePlayer: Unable to load movie: ../../../../../../Users/jsoba/OneDrive/Documentos/Unreal Projects/RunnerAbuelita/Content/Movies/Default_Startup.mp4
[2017.02.20-15.53.12:501][  0]LogTcpMessaging: Initializing TcpMessaging bridge
[2017.02.20-15.53.12:523][  0]LogUdpMessaging: Initializing bridge on interface 0.0.0.0:0 to multicast group 230.0.0.1:6666.
[2017.02.20-15.53.12:592][  0]SourceControl: Info Source control is disabled
[2017.02.20-15.53.12:592][  0]SourceControl: Info Source control is disabled
[2017.02.20-15.53.12:603][  0]SourceControl: Info Source control is disabled
[2017.02.20-15.53.12:763][  0]LogUObjectArray: 32656 objects as part of root set at end of initial load.
[2017.02.20-15.53.12:763][  0]LogUObjectAllocator: 7245024 out of 0 bytes used by permanent object pool.
[2017.02.20-15.53.12:763][  0]LogUObjectArray: CloseDisregardForGC: 0/0 objects in disregard for GC pool
[2017.02.20-15.53.12:819][  0]LogEngine: Initializing Engine...
[2017.02.20-15.53.12:820][  0]LogHMD: Failed to initialize OpenVR with code 110
[2017.02.20-15.53.12:955][  0]LogInit: XAudio2 using 'Speakers (Realtek High Definition Audio)' : 8 channels at 48 kHz using 32 bits per sample (channel mask 0x63f)
[2017.02.20-15.53.12:998][  0]LogInit: FAudioDevice initialized.
[2017.02.20-15.53.13:004][  0]LogInit: Texture streaming: Enabled
[2017.02.20-15.53.13:100][  0]LogInit:Display: Game Engine Initialized.
[2017.02.20-15.53.13:156][  0]LogInit:Display: Starting Game.
[2017.02.20-15.53.13:157][  0]LogNet: Browse: /Temp/Autosaves/Game/ThirdPersonBP/Maps/UEDPCThirdPersonExampleMap?Name=Player
[2017.02.20-15.53.13:157][  0]LogLoad: LoadMap: /Temp/Autosaves/Game/ThirdPersonBP/Maps/UEDPCThirdPersonExampleMap?Name=Player
[2017.02.20-15.53.13:271][  0]LogMemory: Platform Memory Stats for Windows
[2017.02.20-15.53.13:271][  0]LogMemory: Process Physical Memory: 662.54 MB used, 700.63 MB peak
[2017.02.20-15.53.13:271][  0]LogMemory: Process Virtual Memory: 729.74 MB used, 770.87 MB peak
[2017.02.20-15.53.13:271][  0]LogMemory: Physical Memory: 8384.96 MB used, 16299.20 MB total
[2017.02.20-15.53.13:271][  0]LogMemory: Virtual Memory: 1340.35 MB used, 134217728.00 MB total
[2017.02.20-15.53.13:271][  0]LogMemory: 
[2017.02.20-15.53.13:271][  0]Allocator Stats for TBB: (not implemented)
[2017.02.20-15.53.13:995][  0]LogAIModule: Creating AISystem for world ThirdPersonExampleMap
[2017.02.20-15.53.13:995][  0]LogWorld: Game class is 'GameModeRunner_C'
[2017.02.20-15.53.14:000][  0]LogWorld: Bringing World /Temp/Autosaves/Game/ThirdPersonBP/Maps/UEDPCThirdPersonExampleMap.ThirdPersonExampleMap up for play (max tick rate 0) at 2017.02.20-10.53.14
[2017.02.20-15.53.14:001][  0]LogWorld: Bringing up level for play took: 0.004863
[2017.02.20-15.53.14:002][  0]LogGameMode:Display: Match State Changed from EnteringMap to WaitingToStart
[2017.02.20-15.53.14:002][  0]LogGameState: Match State Changed from EnteringMap to WaitingToStart
[2017.02.20-15.53.14:002][  0]LogGameMode:Display: Match State Changed from WaitingToStart to InProgress
[2017.02.20-15.53.14:012][  0]LogGameState: Match State Changed from WaitingToStart to InProgress
[2017.02.20-15.53.14:012][  0]LogLoad: Took 0.854841 seconds to LoadMap(/Temp/Autosaves/Game/ThirdPersonBP/Maps/UEDPCThirdPersonExampleMap)
[2017.02.20-15.53.14:228][  0]LogLoad: (Engine Initialization) Total time: 6.45 seconds
[2017.02.20-15.53.14:228][  0]LogLoad: (Engine Initialization) Total Blueprint compile time: 0.27 seconds
[2017.02.20-15.53.14:228][  0]LogExternalProfiler: Found external profiler: VSPerf
[2017.02.20-15.53.14:228][  0]LogExternalProfiler: Using external profiler: VSPerf
[2017.02.20-15.53.14:244][  0]LogWindowsTextInputMethodSystem:Display: IME system now deactivated.
[2017.02.20-15.53.14:244][  0]LogOcInput: OculusInput pre-init called
[2017.02.20-15.53.14:325][  0]LogRenderer: Reallocating scene render targets to support 128x128 (Frame:1).
[2017.02.20-15.53.14:470][  1]LogRenderer: Reallocating scene render targets to support 1280x720 (Frame:2).
[2017.02.20-15.53.14:471][  1]LogScript:Warning: Accessed None trying to read property Curva
	ThirdPersonCharacter_C /Temp/Autosaves/Game/ThirdPersonBP/Maps/UEDPCThirdPersonExampleMap.ThirdPersonExampleMap:PersistentLevel.ThirdPersonCharacter_167
	Function /Game/ThirdPersonBP/Blueprints/ThirdPersonCharacter.ThirdPersonCharacter_C:ExecuteUbergraph_ThirdPersonCharacter:002B
[2017.02.20-15.53.14:471][  1]LogScript:Warning: Script call stack:
	Function /Game/ThirdPersonBP/Blueprints/ThirdPersonCharacter.ThirdPersonCharacter_C:ReceiveTick
	Function /Game/ThirdPersonBP/Blueprints/ThirdPersonCharacter.ThirdPersonCharacter_C:ExecuteUbergraph_ThirdPersonCharacter

[2017.02.20-15.53.14:471][  1]LogScript:Warning: Accessed None trying to read property Curva
	ThirdPersonCharacter_C /Temp/Autosaves/Game/ThirdPersonBP/Maps/UEDPCThirdPersonExampleMap.ThirdPersonExampleMap:PersistentLevel.ThirdPersonCharacter_167
	Function /Game/ThirdPersonBP/Blueprints/ThirdPersonCharacter.ThirdPersonCharacter_C:ExecuteUbergraph_ThirdPersonCharacter:0127
[2017.02.20-15.53.14:471][  1]LogScript:Warning: Script call stack:
	Function /Game/ThirdPersonBP/Blueprints/ThirdPersonCharacter.ThirdPersonCharacter_C:ReceiveTick
	Function /Game/ThirdPersonBP/Blueprints/ThirdPersonCharacter.ThirdPersonCharacter_C:ExecuteUbergraph_ThirdPersonCharacter

[2017.02.20-15.53.14:586][  2]LogScript:Warning: Accessed None trying to read property Curva
	ThirdPersonCharacter_C /Temp/Autosaves/Game/ThirdPersonBP/Maps/UEDPCThirdPersonExampleMap.ThirdPersonExampleMap:PersistentLevel.ThirdPersonCharacter_167
	Function /Game/ThirdPersonBP/Blueprints/ThirdPersonCharacter.ThirdPersonCharacter_C:ExecuteUbergraph_ThirdPersonCharacter:002B
[2017.02.20-15.53.14:586][  2]LogScript:Warning: Script call stack:
	Function /Game/ThirdPersonBP/Blueprints/ThirdPersonCharacter.ThirdPersonCharacter_C:ReceiveTick
	Function /Game/ThirdPersonBP/Blueprints/ThirdPersonCharacter.ThirdPersonCharacter_C:ExecuteUbergraph_ThirdPersonCharacter

[2017.02.20-15.53.14:586][  2]LogScript:Warning: Accessed None trying to read property Curva
	ThirdPersonCharacter_C /Temp/Autosaves/Game/ThirdPersonBP/Maps/UEDPCThirdPersonExampleMap.ThirdPersonExampleMap:PersistentLevel.ThirdPersonCharacter_167
	Function /Game/ThirdPersonBP/Blueprints/ThirdPersonCharacter.ThirdPersonCharacter_C:ExecuteUbergraph_ThirdPersonCharacter:0127
[2017.02.20-15.53.14:586][  2]LogScript:Warning: Script call stack:
	Function /Game/ThirdPersonBP/Blueprints/ThirdPersonCharacter.ThirdPersonCharacter_C:ReceiveTick
	Function /Game/ThirdPersonBP/Blueprints/ThirdPersonCharacter.ThirdPersonCharacter_C:ExecuteUbergraph_ThirdPersonCharacter

[2017.02.20-15.53.14:602][  3]LogScript:Warning: Accessed None trying to read property Curva
	ThirdPersonCharacter_C /Temp/Autosaves/Game/ThirdPersonBP/Maps/UEDPCThirdPersonExampleMap.ThirdPersonExampleMap:PersistentLevel.ThirdPersonCharacter_167
	Function /Game/ThirdPersonBP/Blueprints/ThirdPersonCharacter.ThirdPersonCharacter_C:ExecuteUbergraph_ThirdPersonCharacter:002B
[2017.02.20-15.53.14:602][  3]LogScript:Warning: Script call stack:
	Function /Game/ThirdPersonBP/Blueprints/ThirdPersonCharacter.ThirdPersonCharacter_C:ReceiveTick
	Function /Game/ThirdPersonBP/Blueprints/ThirdPersonCharacter.ThirdPersonCharacter_C:ExecuteUbergraph_ThirdPersonCharacter

[2017.02.20-15.53.14:602][  3]LogScript:Warning: Accessed None trying to read property Curva
	ThirdPersonCharacter_C /Temp/Autosaves/Game/ThirdPersonBP/Maps/UEDPCThirdPersonExampleMap.ThirdPersonExampleMap:PersistentLevel.ThirdPersonCharacter_167
	Function /Game/ThirdPersonBP/Blueprints/ThirdPersonCharacter.ThirdPersonCharacter_C:ExecuteUbergraph_ThirdPersonCharacter:0127
[2017.02.20-15.53.14:602][  3]LogScript:Warning: Script call stack:
	Function /Game/ThirdPersonBP/Blueprints/ThirdPersonCharacter.ThirdPersonCharacter_C:ReceiveTick
	Function /Game/ThirdPersonBP/Blueprints/ThirdPersonCharacter.ThirdPersonCharacter_C:ExecuteUbergraph_ThirdPersonCharacter

[2017.02.20-15.53.14:618][  4]LogScript:Warning: Accessed None trying to read property Curva
	ThirdPersonCharacter_C /Temp/Autosaves/Game/ThirdPersonBP/Maps/UEDPCThirdPersonExampleMap.ThirdPersonExampleMap:PersistentLevel.ThirdPersonCharacter_167
	Function /Game/ThirdPersonBP/Blueprints/ThirdPersonCharacter.ThirdPersonCharacter_C:ExecuteUbergraph_ThirdPersonCharacter:002B
[2017.02.20-15.53.14:618][  4]LogScript:Warning: Script call stack:
	Function /Game/ThirdPersonBP/Blueprints/ThirdPersonCharacter.ThirdPersonCharacter_C:ReceiveTick
	Function /Game/ThirdPersonBP/Blueprints/ThirdPersonCharacter.ThirdPersonCharacter_C:ExecuteUbergraph_ThirdPersonCharacter

[2017.02.20-15.53.14:619][  4]LogScript:Warning: Accessed None trying to read property Curva
	ThirdPersonCharacter_C /Temp/Autosaves/Game/ThirdPersonBP/Maps/UEDPCThirdPersonExampleMap.ThirdPersonExampleMap:PersistentLevel.ThirdPersonCharacter_167
	Function /Game/ThirdPersonBP/Blueprints/ThirdPersonCharacter.ThirdPersonCharacter_C:ExecuteUbergraph_ThirdPersonCharacter:0127
[2017.02.20-15.53.14:619][  4]LogScript:Warning: Script call stack:
	Function /Game/ThirdPersonBP/Blueprints/ThirdPersonCharacter.ThirdPersonCharacter_C:ReceiveTick
	Function /Game/ThirdPersonBP/Blueprints/ThirdPersonCharacter.ThirdPersonCharacter_C:ExecuteUbergraph_ThirdPersonCharacter

[2017.02.20-15.53.14:635][  5]LogScript:Warning: Accessed None trying to read property Curva
	ThirdPersonCharacter_C /Temp/Autosaves/Game/ThirdPersonBP/Maps/UEDPCThirdPersonExampleMap.ThirdPersonExampleMap:PersistentLevel.ThirdPersonCharacter_167
	Function /Game/ThirdPersonBP/Blueprints/ThirdPersonCharacter.ThirdPersonCharacter_C:ExecuteUbergraph_ThirdPersonCharacter:002B
[2017.02.20-15.53.14:635][  5]LogScript:Warning: Script call stack:
	Function /Game/ThirdPersonBP/Blueprints/ThirdPersonCharacter.ThirdPersonCharacter_C:ReceiveTick
	Function /Game/ThirdPersonBP/Blueprints/ThirdPersonCharacter.ThirdPersonCharacter_C:ExecuteUbergraph_ThirdPersonCharacter

[2017.02.20-15.53.14:635][  5]LogScript:Warning: Accessed None trying to read property Curva
	ThirdPersonCharacter_C /Temp/Autosaves/Game/ThirdPersonBP/Maps/UEDPCThirdPersonExampleMap.ThirdPersonExampleMap:PersistentLevel.ThirdPersonCharacter_167
	Function /Game/ThirdPersonBP/Blueprints/ThirdPersonCharacter.ThirdPersonCharacter_C:ExecuteUbergraph_ThirdPersonCharacter:0127
[2017.02.20-15.53.14:635][  5]LogScript:Warning: Script call stack:
	Function /Game/ThirdPersonBP/Blueprints/ThirdPersonCharacter.ThirdPersonCharacter_C:ReceiveTick
	Function /Game/ThirdPersonBP/Blueprints/ThirdPersonCharacter.ThirdPersonCharacter_C:ExecuteUbergraph_ThirdPersonCharacter

[2017.02.20-15.53.14:651][  6]LogScript:Warning: Accessed None trying to read property Curva
	ThirdPersonCharacter_C /Temp/Autosaves/Game/ThirdPersonBP/Maps/UEDPCThirdPersonExampleMap.ThirdPersonExampleMap:PersistentLevel.ThirdPersonCharacter_167
	Function /Game/ThirdPersonBP/Blueprints/ThirdPersonCharacter.ThirdPersonCharacter_C:ExecuteUbergraph_ThirdPersonCharacter:002B
[2017.02.20-15.53.14:651][  6]LogScript:Warning: Script call stack:
	Function /Game/ThirdPersonBP/Blueprints/ThirdPersonCharacter.ThirdPersonCharacter_C:ReceiveTick
	Function /Game/ThirdPersonBP/Blueprints/ThirdPersonCharacter.ThirdPersonCharacter_C:ExecuteUbergraph_ThirdPersonCharacter

[2017.02.20-15.53.14:651][  6]LogScript:Warning: Accessed None trying to read property Curva
	ThirdPersonCharacter_C /Temp/Autosaves/Game/ThirdPersonBP/Maps/UEDPCThirdPersonExampleMap.ThirdPersonExampleMap:PersistentLevel.ThirdPersonCharacter_167
	Function /Game/ThirdPersonBP/Blueprints/ThirdPersonCharacter.ThirdPersonCharacter_C:ExecuteUbergraph_ThirdPersonCharacter:0127
[2017.02.20-15.53.14:651][  6]LogScript:Warning: Script call stack:
	Function /Game/ThirdPersonBP/Blueprints/ThirdPersonCharacter.ThirdPersonCharacter_C:ReceiveTick
	Function /Game/ThirdPersonBP/Blueprints/ThirdPersonCharacter.ThirdPersonCharacter_C:ExecuteUbergraph_ThirdPersonCharacter

[2017.02.20-15.53.14:667][  7]LogScript:Warning: Accessed None trying to read property Curva
	ThirdPersonCharacter_C /Temp/Autosaves/Game/ThirdPersonBP/Maps/UEDPCThirdPersonExampleMap.ThirdPersonExampleMap:PersistentLevel.ThirdPersonCharacter_167
	Function /Game/ThirdPersonBP/Blueprints/ThirdPersonCharacter.ThirdPersonCharacter_C:ExecuteUbergraph_ThirdPersonCharacter:002B
[2017.02.20-15.53.14:667][  7]LogScript:Warning: Script call stack:
	Function /Game/ThirdPersonBP/Blueprints/ThirdPersonCharacter.ThirdPersonCharacter_C:ReceiveTick
	Function /Game/ThirdPersonBP/Blueprints/ThirdPersonCharacter.ThirdPersonCharacter_C:ExecuteUbergraph_ThirdPersonCharacter

[2017.02.20-15.53.14:667][  7]LogScript:Warning: Accessed None trying to read property Curva
	ThirdPersonCharacter_C /Temp/Autosaves/Game/ThirdPersonBP/Maps/UEDPCThirdPersonExampleMap.ThirdPersonExampleMap:PersistentLevel.ThirdPersonCharacter_167
	Function /Game/ThirdPersonBP/Blueprints/ThirdPersonCharacter.ThirdPersonCharacter_C:ExecuteUbergraph_ThirdPersonCharacter:0127
[2017.02.20-15.53.14:667][  7]LogScript:Warning: Script call stack:
	Function /Game/ThirdPersonBP/Blueprints/ThirdPersonCharacter.ThirdPersonCharacter_C:ReceiveTick
	Function /Game/ThirdPersonBP/Blueprints/ThirdPersonCharacter.ThirdPersonCharacter_C:ExecuteUbergraph_ThirdPersonCharacter

[2017.02.20-15.53.14:683][  8]LogScript:Warning: Accessed None trying to read property Curva
	ThirdPersonCharacter_C /Temp/Autosaves/Game/ThirdPersonBP/Maps/UEDPCThirdPersonExampleMap.ThirdPersonExampleMap:PersistentLevel.ThirdPersonCharacter_167
	Function /Game/ThirdPersonBP/Blueprints/ThirdPersonCharacter.ThirdPersonCharacter_C:ExecuteUbergraph_ThirdPersonCharacter:002B
[2017.02.20-15.53.14:683][  8]LogScript:Warning: Script call stack:
	Function /Game/ThirdPersonBP/Blueprints/ThirdPersonCharacter.ThirdPersonCharacter_C:ReceiveTick
	Function /Game/ThirdPersonBP/Blueprints/ThirdPersonCharacter.ThirdPersonCharacter_C:ExecuteUbergraph_ThirdPersonCharacter

[2017.02.20-15.53.14:683][  8]LogScript:Warning: Accessed None trying to read property Curva
	ThirdPersonCharacter_C /Temp/Autosaves/Game/ThirdPersonBP/Maps/UEDPCThirdPersonExampleMap.ThirdPersonExampleMap:PersistentLevel.ThirdPersonCharacter_167
	Function /Game/ThirdPersonBP/Blueprints/ThirdPersonCharacter.ThirdPersonCharacter_C:ExecuteUbergraph_ThirdPersonCharacter:0127
[2017.02.20-15.53.14:683][  8]LogScript:Warning: Script call stack:
	Function /Game/ThirdPersonBP/Blueprints/ThirdPersonCharacter.ThirdPersonCharacter_C:ReceiveTick
	Function /Game/ThirdPersonBP/Blueprints/ThirdPersonCharacter.ThirdPersonCharacter_C:ExecuteUbergraph_ThirdPersonCharacter

[2017.02.20-15.53.14:699][  9]LogScript:Warning: Accessed None trying to read property Curva
	ThirdPersonCharacter_C /Temp/Autosaves/Game/ThirdPersonBP/Maps/UEDPCThirdPersonExampleMap.ThirdPersonExampleMap:PersistentLevel.ThirdPersonCharacter_167
	Function /Game/ThirdPersonBP/Blueprints/ThirdPersonCharacter.ThirdPersonCharacter_C:ExecuteUbergraph_ThirdPersonCharacter:002B
[2017.02.20-15.53.14:699][  9]LogScript:Warning: Script call stack:
	Function /Game/ThirdPersonBP/Blueprints/ThirdPersonCharacter.ThirdPersonCharacter_C:ReceiveTick
	Function /Game/ThirdPersonBP/Blueprints/ThirdPersonCharacter.ThirdPersonCharacter_C:ExecuteUbergraph_ThirdPersonCharacter

[2017.02.20-15.53.16:271][ 57]LogBlueprintUserMessages: [GameModeRunner_C_0] 620.0
[2017.02.20-15.53.18:303][118]LogBlueprintUserMessages: [GameModeRunner_C_0] 640.0
[2017.02.20-15.53.20:303][178]LogBlueprintUserMessages: [GameModeRunner_C_0] 660.0
[2017.02.20-15.53.21:453][212]LogGameMode:Display: Match State Changed from InProgress to LeavingMap
[2017.02.20-15.53.21:453][212]LogGameState: Match State Changed from InProgress to LeavingMap
[2017.02.20-15.53.21:453][212]LogGameMode: ProcessServerTravel: ?Restart
[2017.02.20-15.53.21:486][213]LogEngine: Server switch level: ?Restart
[2017.02.20-15.53.21:486][213]LogNet: Browse: /Temp/Autosaves/Game/ThirdPersonBP/Maps/UEDPCThirdPersonExampleMap?Name=Player?Restart
[2017.02.20-15.53.21:486][213]LogLoad: LoadMap: /Temp/Autosaves/Game/ThirdPersonBP/Maps/UEDPCThirdPersonExampleMap?Name=Player
[2017.02.20-15.53.21:557][213]LogMemory: Platform Memory Stats for Windows
[2017.02.20-15.53.21:557][213]LogMemory: Process Physical Memory: 781.13 MB used, 795.43 MB peak
[2017.02.20-15.53.21:557][213]LogMemory: Process Virtual Memory: 1019.59 MB used, 1027.65 MB peak
[2017.02.20-15.53.21:557][213]LogMemory: Physical Memory: 8463.63 MB used, 16299.20 MB total
[2017.02.20-15.53.21:557][213]LogMemory: Virtual Memory: 1672.49 MB used, 134217728.00 MB total
[2017.02.20-15.53.21:557][213]LogMemory: 
[2017.02.20-15.53.21:557][213]Allocator Stats for TBB: (not implemented)
[2017.02.20-15.53.22:119][213]LogAIModule: Creating AISystem for world ThirdPersonExampleMap
[2017.02.20-15.53.22:119][213]LogWorld: Game class is 'GameModeRunner_C'
[2017.02.20-15.53.22:123][213]LogWorld: Bringing World /Temp/Autosaves/Game/ThirdPersonBP/Maps/UEDPCThirdPersonExampleMap.ThirdPersonExampleMap up for play (max tick rate 0) at 2017.02.20-10.53.22
[2017.02.20-15.53.22:123][213]LogWorld: Bringing up level for play took: 0.002918
[2017.02.20-15.53.22:124][213]LogGameMode:Display: Match State Changed from EnteringMap to WaitingToStart
[2017.02.20-15.53.22:124][213]LogGameState: Match State Changed from EnteringMap to WaitingToStart
[2017.02.20-15.53.22:124][213]LogGameMode:Display: Match State Changed from WaitingToStart to InProgress
[2017.02.20-15.53.22:131][213]LogGameState: Match State Changed from WaitingToStart to InProgress
[2017.02.20-15.53.22:131][213]LogLoad: Took 0.645554 seconds to LoadMap(/Temp/Autosaves/Game/ThirdPersonBP/Maps/UEDPCThirdPersonExampleMap)
[2017.02.20-15.53.23:718][261]LogBlueprintUserMessages: [GameModeRunner_C_0] 620.0
[2017.02.20-15.53.25:751][322]LogBlueprintUserMessages: [GameModeRunner_C_0] 640.0
[2017.02.20-15.53.27:752][382]LogBlueprintUserMessages: [GameModeRunner_C_0] 660.0
[2017.02.20-15.53.28:518][405]LogGameMode:Display: Match State Changed from InProgress to LeavingMap
[2017.02.20-15.53.28:518][405]LogGameState: Match State Changed from InProgress to LeavingMap
[2017.02.20-15.53.28:518][405]LogGameMode: ProcessServerTravel: ?Restart
[2017.02.20-15.53.28:551][406]LogEngine: Server switch level: ?Restart
[2017.02.20-15.53.28:551][406]LogNet: Browse: /Temp/Autosaves/Game/ThirdPersonBP/Maps/UEDPCThirdPersonExampleMap?Name=Player?Restart
[2017.02.20-15.53.28:551][406]LogLoad: LoadMap: /Temp/Autosaves/Game/ThirdPersonBP/Maps/UEDPCThirdPersonExampleMap?Name=Player
[2017.02.20-15.53.28:624][406]LogMemory: Platform Memory Stats for Windows
[2017.02.20-15.53.28:624][406]LogMemory: Process Physical Memory: 764.84 MB used, 820.00 MB peak
[2017.02.20-15.53.28:624][406]LogMemory: Process Virtual Memory: 1068.36 MB used, 1160.53 MB peak
[2017.02.20-15.53.28:624][406]LogMemory: Physical Memory: 8443.29 MB used, 16299.20 MB total
[2017.02.20-15.53.28:624][406]LogMemory: Virtual Memory: 1790.43 MB used, 134217728.00 MB total
[2017.02.20-15.53.28:624][406]LogMemory: 
[2017.02.20-15.53.28:624][406]Allocator Stats for TBB: (not implemented)
[2017.02.20-15.53.29:261][406]LogAIModule: Creating AISystem for world ThirdPersonExampleMap
[2017.02.20-15.53.29:261][406]LogWorld: Game class is 'GameModeRunner_C'
[2017.02.20-15.53.29:266][406]LogWorld: Bringing World /Temp/Autosaves/Game/ThirdPersonBP/Maps/UEDPCThirdPersonExampleMap.ThirdPersonExampleMap up for play (max tick rate 0) at 2017.02.20-10.53.29
[2017.02.20-15.53.29:267][406]LogWorld: Bringing up level for play took: 0.004354
[2017.02.20-15.53.29:267][406]LogGameMode:Display: Match State Changed from EnteringMap to WaitingToStart
[2017.02.20-15.53.29:267][406]LogGameState: Match State Changed from EnteringMap to WaitingToStart
[2017.02.20-15.53.29:267][406]LogGameMode:Display: Match State Changed from WaitingToStart to InProgress
[2017.02.20-15.53.29:273][406]LogGameState: Match State Changed from WaitingToStart to InProgress
[2017.02.20-15.53.29:273][406]LogLoad: Took 0.721747 seconds to LoadMap(/Temp/Autosaves/Game/ThirdPersonBP/Maps/UEDPCThirdPersonExampleMap)
[2017.02.20-15.53.30:866][455]LogBlueprintUserMessages: [GameModeRunner_C_0] 620.0
[2017.02.20-15.53.32:899][516]LogBlueprintUserMessages: [GameModeRunner_C_0] 640.0
[2017.02.20-15.53.34:932][577]LogBlueprintUserMessages: [GameModeRunner_C_0] 660.0
[2017.02.20-15.53.36:965][638]LogBlueprintUserMessages: [GameModeRunner_C_0] 680.0
[2017.02.20-15.53.38:998][699]LogBlueprintUserMessages: [GameModeRunner_C_0] 700.0
[2017.02.20-15.53.41:030][760]LogBlueprintUserMessages: [GameModeRunner_C_0] 720.0
[2017.02.20-15.53.43:063][821]LogBlueprintUserMessages: [GameModeRunner_C_0] 740.0
[2017.02.20-15.53.45:096][882]LogBlueprintUserMessages: [GameModeRunner_C_0] 760.0
[2017.02.20-15.53.47:129][943]LogBlueprintUserMessages: [GameModeRunner_C_0] 780.0
[2017.02.20-15.53.49:162][  4]LogBlueprintUserMessages: [GameModeRunner_C_0] 800.0
[2017.02.20-15.53.50:895][ 56]LogGameMode:Display: Match State Changed from InProgress to LeavingMap
[2017.02.20-15.53.50:895][ 56]LogGameState: Match State Changed from InProgress to LeavingMap
[2017.02.20-15.53.50:895][ 56]LogGameMode: ProcessServerTravel: ?Restart
[2017.02.20-15.53.50:928][ 57]LogEngine: Server switch level: ?Restart
[2017.02.20-15.53.50:928][ 57]LogNet: Browse: /Temp/Autosaves/Game/ThirdPersonBP/Maps/UEDPCThirdPersonExampleMap?Name=Player?Restart
[2017.02.20-15.53.50:928][ 57]LogLoad: LoadMap: /Temp/Autosaves/Game/ThirdPersonBP/Maps/UEDPCThirdPersonExampleMap?Name=Player
[2017.02.20-15.53.51:008][ 57]LogMemory: Platform Memory Stats for Windows
[2017.02.20-15.53.51:008][ 57]LogMemory: Process Physical Memory: 765.28 MB used, 820.00 MB peak
[2017.02.20-15.53.51:008][ 57]LogMemory: Process Virtual Memory: 1069.29 MB used, 1166.03 MB peak
[2017.02.20-15.53.51:008][ 57]LogMemory: Physical Memory: 8424.77 MB used, 16299.20 MB total
[2017.02.20-15.53.51:008][ 57]LogMemory: Virtual Memory: 1779.11 MB used, 134217728.00 MB total
[2017.02.20-15.53.51:008][ 57]LogMemory: 
[2017.02.20-15.53.51:008][ 57]Allocator Stats for TBB: (not implemented)
[2017.02.20-15.53.51:583][ 57]LogAIModule: Creating AISystem for world ThirdPersonExampleMap
[2017.02.20-15.53.51:583][ 57]LogWorld: Game class is 'GameModeRunner_C'
[2017.02.20-15.53.51:588][ 57]LogWorld: Bringing World /Temp/Autosaves/Game/ThirdPersonBP/Maps/UEDPCThirdPersonExampleMap.ThirdPersonExampleMap up for play (max tick rate 0) at 2017.02.20-10.53.51
[2017.02.20-15.53.51:589][ 57]LogWorld: Bringing up level for play took: 0.004367
[2017.02.20-15.53.51:589][ 57]LogGameMode:Display: Match State Changed from EnteringMap to WaitingToStart
[2017.02.20-15.53.51:589][ 57]LogGameState: Match State Changed from EnteringMap to WaitingToStart
[2017.02.20-15.53.51:589][ 57]LogGameMode:Display: Match State Changed from WaitingToStart to InProgress
[2017.02.20-15.53.51:595][ 57]LogGameState: Match State Changed from WaitingToStart to InProgress
[2017.02.20-15.53.51:595][ 57]LogLoad: Took 0.667340 seconds to LoadMap(/Temp/Autosaves/Game/ThirdPersonBP/Maps/UEDPCThirdPersonExampleMap)
[2017.02.20-15.53.53:194][106]LogBlueprintUserMessages: [GameModeRunner_C_0] 620.0
[2017.02.20-15.53.55:227][167]LogBlueprintUserMessages: [GameModeRunner_C_0] 640.0
[2017.02.20-15.53.57:259][228]LogBlueprintUserMessages: [GameModeRunner_C_0] 660.0
[2017.02.20-15.53.58:026][251]LogGameMode:Display: Match State Changed from InProgress to LeavingMap
[2017.02.20-15.53.58:026][251]LogGameState: Match State Changed from InProgress to LeavingMap
[2017.02.20-15.53.58:027][251]LogGameMode: ProcessServerTravel: ?Restart
[2017.02.20-15.53.58:060][252]LogEngine: Server switch level: ?Restart
[2017.02.20-15.53.58:060][252]LogNet: Browse: /Temp/Autosaves/Game/ThirdPersonBP/Maps/UEDPCThirdPersonExampleMap?Name=Player?Restart
[2017.02.20-15.53.58:060][252]LogLoad: LoadMap: /Temp/Autosaves/Game/ThirdPersonBP/Maps/UEDPCThirdPersonExampleMap?Name=Player
[2017.02.20-15.53.58:131][252]LogMemory: Platform Memory Stats for Windows
[2017.02.20-15.53.58:131][252]LogMemory: Process Physical Memory: 767.91 MB used, 820.00 MB peak
[2017.02.20-15.53.58:131][252]LogMemory: Process Virtual Memory: 1065.87 MB used, 1170.91 MB peak
[2017.02.20-15.53.58:131][252]LogMemory: Physical Memory: 8429.73 MB used, 16299.20 MB total
[2017.02.20-15.53.58:131][252]LogMemory: Virtual Memory: 1796.18 MB used, 134217728.00 MB total
[2017.02.20-15.53.58:131][252]LogMemory: 
[2017.02.20-15.53.58:131][252]Allocator Stats for TBB: (not implemented)
[2017.02.20-15.53.58:682][252]LogAIModule: Creating AISystem for world ThirdPersonExampleMap
[2017.02.20-15.53.58:682][252]LogWorld: Game class is 'GameModeRunner_C'
[2017.02.20-15.53.58:687][252]LogWorld: Bringing World /Temp/Autosaves/Game/ThirdPersonBP/Maps/UEDPCThirdPersonExampleMap.ThirdPersonExampleMap up for play (max tick rate 0) at 2017.02.20-10.53.58
[2017.02.20-15.53.58:687][252]LogWorld: Bringing up level for play took: 0.003060
[2017.02.20-15.53.58:687][252]LogGameMode:Display: Match State Changed from EnteringMap to WaitingToStart
[2017.02.20-15.53.58:687][252]LogGameState: Match State Changed from EnteringMap to WaitingToStart
[2017.02.20-15.53.58:687][252]LogGameMode:Display: Match State Changed from WaitingToStart to InProgress
[2017.02.20-15.53.58:693][252]LogGameState: Match State Changed from WaitingToStart to InProgress
[2017.02.20-15.53.58:693][252]LogLoad: Took 0.632757 seconds to LoadMap(/Temp/Autosaves/Game/ThirdPersonBP/Maps/UEDPCThirdPersonExampleMap)
[2017.02.20-15.54.00:275][300]LogBlueprintUserMessages: [GameModeRunner_C_0] 620.0
[2017.02.20-15.54.02:308][361]LogBlueprintUserMessages: [GameModeRunner_C_0] 640.0
[2017.02.20-15.54.02:742][374]LogGameMode:Display: Match State Changed from InProgress to LeavingMap
[2017.02.20-15.54.02:742][374]LogGameState: Match State Changed from InProgress to LeavingMap
[2017.02.20-15.54.02:742][374]LogGameMode: ProcessServerTravel: ?Restart
[2017.02.20-15.54.02:775][375]LogEngine: Server switch level: ?Restart
[2017.02.20-15.54.02:775][375]LogNet: Browse: /Temp/Autosaves/Game/ThirdPersonBP/Maps/UEDPCThirdPersonExampleMap?Name=Player?Restart
[2017.02.20-15.54.02:830][375]LogLoad: LoadMap: /Temp/Autosaves/Game/ThirdPersonBP/Maps/UEDPCThirdPersonExampleMap?Name=Player
[2017.02.20-15.54.02:867][375]LogMemory: Platform Memory Stats for Windows
[2017.02.20-15.54.02:867][375]LogMemory: Process Physical Memory: 779.54 MB used, 820.00 MB peak
[2017.02.20-15.54.02:867][375]LogMemory: Process Virtual Memory: 1079.56 MB used, 1170.91 MB peak
[2017.02.20-15.54.02:867][375]LogMemory: Physical Memory: 8440.89 MB used, 16299.20 MB total
[2017.02.20-15.54.02:867][375]LogMemory: Virtual Memory: 1792.24 MB used, 134217728.00 MB total
[2017.02.20-15.54.02:867][375]LogMemory: 
[2017.02.20-15.54.02:867][375]Allocator Stats for TBB: (not implemented)
[2017.02.20-15.54.03:422][375]LogAIModule: Creating AISystem for world ThirdPersonExampleMap
[2017.02.20-15.54.03:422][375]LogWorld: Game class is 'GameModeRunner_C'
[2017.02.20-15.54.03:426][375]LogWorld: Bringing World /Temp/Autosaves/Game/ThirdPersonBP/Maps/UEDPCThirdPersonExampleMap.ThirdPersonExampleMap up for play (max tick rate 0) at 2017.02.20-10.54.03
[2017.02.20-15.54.03:426][375]LogWorld: Bringing up level for play took: 0.002896
[2017.02.20-15.54.03:427][375]LogGameMode:Display: Match State Changed from EnteringMap to WaitingToStart
[2017.02.20-15.54.03:427][375]LogGameState: Match State Changed from EnteringMap to WaitingToStart
[2017.02.20-15.54.03:427][375]LogGameMode:Display: Match State Changed from WaitingToStart to InProgress
[2017.02.20-15.54.03:432][375]LogGameState: Match State Changed from WaitingToStart to InProgress
[2017.02.20-15.54.03:432][375]LogLoad: Took 0.602817 seconds to LoadMap(/Temp/Autosaves/Game/ThirdPersonBP/Maps/UEDPCThirdPersonExampleMap)
[2017.02.20-15.54.05:009][423]LogBlueprintUserMessages: [GameModeRunner_C_0] 620.0
[2017.02.20-15.54.07:040][484]LogBlueprintUserMessages: [GameModeRunner_C_0] 640.0
[2017.02.20-15.54.09:041][544]LogBlueprintUserMessages: [GameModeRunner_C_0] 660.0
[2017.02.20-15.54.11:073][605]LogBlueprintUserMessages: [GameModeRunner_C_0] 680.0
[2017.02.20-15.54.13:106][666]LogBlueprintUserMessages: [GameModeRunner_C_0] 700.0
[2017.02.20-15.54.15:138][727]LogBlueprintUserMessages: [GameModeRunner_C_0] 720.0
[2017.02.20-15.54.17:171][788]LogBlueprintUserMessages: [GameModeRunner_C_0] 740.0
[2017.02.20-15.54.19:204][849]LogBlueprintUserMessages: [GameModeRunner_C_0] 760.0
[2017.02.20-15.54.20:538][889]LogGameMode:Display: Match State Changed from InProgress to LeavingMap
[2017.02.20-15.54.20:538][889]LogGameState: Match State Changed from InProgress to LeavingMap
[2017.02.20-15.54.20:538][889]LogGameMode: ProcessServerTravel: ?Restart
[2017.02.20-15.54.20:571][890]LogEngine: Server switch level: ?Restart
[2017.02.20-15.54.20:571][890]LogNet: Browse: /Temp/Autosaves/Game/ThirdPersonBP/Maps/UEDPCThirdPersonExampleMap?Name=Player?Restart
[2017.02.20-15.54.20:571][890]LogLoad: LoadMap: /Temp/Autosaves/Game/ThirdPersonBP/Maps/UEDPCThirdPersonExampleMap?Name=Player
[2017.02.20-15.54.20:642][890]LogMemory: Platform Memory Stats for Windows
[2017.02.20-15.54.20:642][890]LogMemory: Process Physical Memory: 769.55 MB used, 820.00 MB peak
[2017.02.20-15.54.20:642][890]LogMemory: Process Virtual Memory: 1098.03 MB used, 1187.84 MB peak
[2017.02.20-15.54.20:642][890]LogMemory: Physical Memory: 8425.44 MB used, 16299.20 MB total
[2017.02.20-15.54.20:642][890]LogMemory: Virtual Memory: 1813.80 MB used, 134217728.00 MB total
[2017.02.20-15.54.20:642][890]LogMemory: 
[2017.02.20-15.54.20:642][890]Allocator Stats for TBB: (not implemented)
[2017.02.20-15.54.21:201][890]LogAIModule: Creating AISystem for world ThirdPersonExampleMap
[2017.02.20-15.54.21:201][890]LogWorld: Game class is 'GameModeRunner_C'
[2017.02.20-15.54.21:205][890]LogWorld: Bringing World /Temp/Autosaves/Game/ThirdPersonBP/Maps/UEDPCThirdPersonExampleMap.ThirdPersonExampleMap up for play (max tick rate 0) at 2017.02.20-10.54.21
[2017.02.20-15.54.21:206][890]LogWorld: Bringing up level for play took: 0.003558
[2017.02.20-15.54.21:206][890]LogGameMode:Display: Match State Changed from EnteringMap to WaitingToStart
[2017.02.20-15.54.21:206][890]LogGameState: Match State Changed from EnteringMap to WaitingToStart
[2017.02.20-15.54.21:206][890]LogGameMode:Display: Match State Changed from WaitingToStart to InProgress
[2017.02.20-15.54.21:212][890]LogGameState: Match State Changed from WaitingToStart to InProgress
[2017.02.20-15.54.21:212][890]LogLoad: Took 0.641728 seconds to LoadMap(/Temp/Autosaves/Game/ThirdPersonBP/Maps/UEDPCThirdPersonExampleMap)
[2017.02.20-15.54.22:786][938]LogBlueprintUserMessages: [GameModeRunner_C_0] 620.0
[2017.02.20-15.54.24:820][999]LogBlueprintUserMessages: [GameModeRunner_C_0] 640.0
[2017.02.20-15.54.25:253][ 12]LogGameMode:Display: Match State Changed from InProgress to LeavingMap
[2017.02.20-15.54.25:253][ 12]LogGameState: Match State Changed from InProgress to LeavingMap
[2017.02.20-15.54.25:253][ 12]LogGameMode: ProcessServerTravel: ?Restart
[2017.02.20-15.54.25:286][ 13]LogEngine: Server switch level: ?Restart
[2017.02.20-15.54.25:286][ 13]LogNet: Browse: /Temp/Autosaves/Game/ThirdPersonBP/Maps/UEDPCThirdPersonExampleMap?Name=Player?Restart
[2017.02.20-15.54.25:286][ 13]LogLoad: LoadMap: /Temp/Autosaves/Game/ThirdPersonBP/Maps/UEDPCThirdPersonExampleMap?Name=Player
[2017.02.20-15.54.25:355][ 13]LogMemory: Platform Memory Stats for Windows
[2017.02.20-15.54.25:355][ 13]LogMemory: Process Physical Memory: 775.14 MB used, 820.00 MB peak
[2017.02.20-15.54.25:355][ 13]LogMemory: Process Virtual Memory: 1099.76 MB used, 1201.27 MB peak
[2017.02.20-15.54.25:355][ 13]LogMemory: Physical Memory: 8433.92 MB used, 16299.20 MB total
[2017.02.20-15.54.25:355][ 13]LogMemory: Virtual Memory: 1813.80 MB used, 134217728.00 MB total
[2017.02.20-15.54.25:355][ 13]LogMemory: 
[2017.02.20-15.54.25:355][ 13]Allocator Stats for TBB: (not implemented)
[2017.02.20-15.54.25:900][ 13]LogAIModule: Creating AISystem for world ThirdPersonExampleMap
[2017.02.20-15.54.25:901][ 13]LogWorld: Game class is 'GameModeRunner_C'
[2017.02.20-15.54.25:905][ 13]LogWorld: Bringing World /Temp/Autosaves/Game/ThirdPersonBP/Maps/UEDPCThirdPersonExampleMap.ThirdPersonExampleMap up for play (max tick rate 0) at 2017.02.20-10.54.25
[2017.02.20-15.54.25:905][ 13]LogWorld: Bringing up level for play took: 0.003192
[2017.02.20-15.54.25:905][ 13]LogGameMode:Display: Match State Changed from EnteringMap to WaitingToStart
[2017.02.20-15.54.25:905][ 13]LogGameState: Match State Changed from EnteringMap to WaitingToStart
[2017.02.20-15.54.25:906][ 13]LogGameMode:Display: Match State Changed from WaitingToStart to InProgress
[2017.02.20-15.54.25:911][ 13]LogGameState: Match State Changed from WaitingToStart to InProgress
[2017.02.20-15.54.25:911][ 13]LogLoad: Took 0.625576 seconds to LoadMap(/Temp/Autosaves/Game/ThirdPersonBP/Maps/UEDPCThirdPersonExampleMap)
[2017.02.20-15.54.27:487][ 61]LogBlueprintUserMessages: [GameModeRunner_C_0] 620.0
[2017.02.20-15.54.29:519][122]LogBlueprintUserMessages: [GameModeRunner_C_0] 640.0
[2017.02.20-15.54.31:551][183]LogBlueprintUserMessages: [GameModeRunner_C_0] 660.0
[2017.02.20-15.54.32:284][205]LogGameMode:Display: Match State Changed from InProgress to LeavingMap
[2017.02.20-15.54.32:284][205]LogGameState: Match State Changed from InProgress to LeavingMap
[2017.02.20-15.54.32:284][205]LogGameMode: ProcessServerTravel: ?Restart
[2017.02.20-15.54.32:318][206]LogEngine: Server switch level: ?Restart
[2017.02.20-15.54.32:318][206]LogNet: Browse: /Temp/Autosaves/Game/ThirdPersonBP/Maps/UEDPCThirdPersonExampleMap?Name=Player?Restart
[2017.02.20-15.54.32:318][206]LogLoad: LoadMap: /Temp/Autosaves/Game/ThirdPersonBP/Maps/UEDPCThirdPersonExampleMap?Name=Player
[2017.02.20-15.54.32:389][206]LogMemory: Platform Memory Stats for Windows
[2017.02.20-15.54.32:389][206]LogMemory: Process Physical Memory: 781.33 MB used, 820.00 MB peak
[2017.02.20-15.54.32:389][206]LogMemory: Process Virtual Memory: 1089.64 MB used, 1201.27 MB peak
[2017.02.20-15.54.32:389][206]LogMemory: Physical Memory: 8438.47 MB used, 16299.20 MB total
[2017.02.20-15.54.32:389][206]LogMemory: Virtual Memory: 1805.80 MB used, 134217728.00 MB total
[2017.02.20-15.54.32:389][206]LogMemory: 
[2017.02.20-15.54.32:389][206]Allocator Stats for TBB: (not implemented)
[2017.02.20-15.54.32:940][206]LogAIModule: Creating AISystem for world ThirdPersonExampleMap
[2017.02.20-15.54.32:940][206]LogWorld: Game class is 'GameModeRunner_C'
[2017.02.20-15.54.32:943][206]LogWorld: Bringing World /Temp/Autosaves/Game/ThirdPersonBP/Maps/UEDPCThirdPersonExampleMap.ThirdPersonExampleMap up for play (max tick rate 0) at 2017.02.20-10.54.32
[2017.02.20-15.54.32:944][206]LogWorld: Bringing up level for play took: 0.002815
[2017.02.20-15.54.32:944][206]LogGameMode:Display: Match State Changed from EnteringMap to WaitingToStart
[2017.02.20-15.54.32:944][206]LogGameState: Match State Changed from EnteringMap to WaitingToStart
[2017.02.20-15.54.32:944][206]LogGameMode:Display: Match State Changed from WaitingToStart to InProgress
[2017.02.20-15.54.32:950][206]LogGameState: Match State Changed from WaitingToStart to InProgress
[2017.02.20-15.54.32:950][206]LogLoad: Took 0.632336 seconds to LoadMap(/Temp/Autosaves/Game/ThirdPersonBP/Maps/UEDPCThirdPersonExampleMap)
[2017.02.20-15.54.34:550][255]LogBlueprintUserMessages: [GameModeRunner_C_0] 620.0
[2017.02.20-15.54.36:583][316]LogBlueprintUserMessages: [GameModeRunner_C_0] 640.0
[2017.02.20-15.54.38:616][377]LogBlueprintUserMessages: [GameModeRunner_C_0] 660.0
[2017.02.20-15.54.40:649][438]LogBlueprintUserMessages: [GameModeRunner_C_0] 680.0
[2017.02.20-15.54.42:681][499]LogBlueprintUserMessages: [GameModeRunner_C_0] 700.0
[2017.02.20-15.54.44:714][560]LogBlueprintUserMessages: [GameModeRunner_C_0] 720.0
[2017.02.20-15.54.46:715][620]LogBlueprintUserMessages: [GameModeRunner_C_0] 740.0
[2017.02.20-15.54.48:747][681]LogBlueprintUserMessages: [GameModeRunner_C_0] 760.0
[2017.02.20-15.54.50:780][742]LogBlueprintUserMessages: [GameModeRunner_C_0] 780.0
[2017.02.20-15.54.52:812][803]LogBlueprintUserMessages: [GameModeRunner_C_0] 800.0
[2017.02.20-15.54.54:112][842]LogGameMode:Display: Match State Changed from InProgress to LeavingMap
[2017.02.20-15.54.54:112][842]LogGameState: Match State Changed from InProgress to LeavingMap
[2017.02.20-15.54.54:112][842]LogGameMode: ProcessServerTravel: ?Restart
[2017.02.20-15.54.54:146][843]LogEngine: Server switch level: ?Restart
[2017.02.20-15.54.54:146][843]LogNet: Browse: /Temp/Autosaves/Game/ThirdPersonBP/Maps/UEDPCThirdPersonExampleMap?Name=Player?Restart
[2017.02.20-15.54.54:146][843]LogLoad: LoadMap: /Temp/Autosaves/Game/ThirdPersonBP/Maps/UEDPCThirdPersonExampleMap?Name=Player
[2017.02.20-15.54.54:220][843]LogMemory: Platform Memory Stats for Windows
[2017.02.20-15.54.54:220][843]LogMemory: Process Physical Memory: 547.45 MB used, 834.44 MB peak
[2017.02.20-15.54.54:220][843]LogMemory: Process Virtual Memory: 1094.90 MB used, 1201.27 MB peak
[2017.02.20-15.54.54:220][843]LogMemory: Physical Memory: 7627.02 MB used, 16299.20 MB total
[2017.02.20-15.54.54:220][843]LogMemory: Virtual Memory: 1825.80 MB used, 134217728.00 MB total
[2017.02.20-15.54.54:220][843]LogMemory: 
[2017.02.20-15.54.54:220][843]Allocator Stats for TBB: (not implemented)
[2017.02.20-15.54.54:784][843]LogAIModule: Creating AISystem for world ThirdPersonExampleMap
[2017.02.20-15.54.54:784][843]LogWorld: Game class is 'GameModeRunner_C'
[2017.02.20-15.54.54:789][843]LogWorld: Bringing World /Temp/Autosaves/Game/ThirdPersonBP/Maps/UEDPCThirdPersonExampleMap.ThirdPersonExampleMap up for play (max tick rate 0) at 2017.02.20-10.54.54
[2017.02.20-15.54.54:789][843]LogWorld: Bringing up level for play took: 0.003801
[2017.02.20-15.54.54:790][843]LogGameMode:Display: Match State Changed from EnteringMap to WaitingToStart
[2017.02.20-15.54.54:790][843]LogGameState: Match State Changed from EnteringMap to WaitingToStart
[2017.02.20-15.54.54:790][843]LogGameMode:Display: Match State Changed from WaitingToStart to InProgress
[2017.02.20-15.54.54:796][843]LogGameState: Match State Changed from WaitingToStart to InProgress
[2017.02.20-15.54.54:796][843]LogLoad: Took 0.649578 seconds to LoadMap(/Temp/Autosaves/Game/ThirdPersonBP/Maps/UEDPCThirdPersonExampleMap)
[2017.02.20-15.54.56:378][891]LogBlueprintUserMessages: [GameModeRunner_C_0] 620.0
[2017.02.20-15.54.57:434][921]LogWindowsTextInputMethodSystem:Display: IME system now deactivated.
[2017.02.20-15.54.57:436][921]LogEngine: All Windows Closed
[2017.02.20-15.54.57:436][921]LogWindows: FPlatformMisc::RequestExit(0)
[2017.02.20-15.54.57:437][922]LogMoviePlayer: Shutting down movie player
[2017.02.20-15.54.57:867][922]LogExit: Preparing to exit.
[2017.02.20-15.54.58:699][922]LogExit: Game engine shut down
[2017.02.20-15.54.58:802][922]LogObj: Freed 0b from 0 cluster array pools.
[2017.02.20-15.54.58:802][922]LogExit: Object subsystem successfully closed.
[2017.02.20-15.54.58:818][922]LogD3D11RHI: Shutdown
[2017.02.20-15.54.58:818][922]LogD3D11RHI: CleanupD3DDevice
[2017.02.20-15.54.58:879][922]LogD3D11RHI: ~FD3D11DynamicRHI
[2017.02.20-15.54.58:887][922]LogModuleManager: Shutting down and abandoning module SequenceRecorderSections (119)
[2017.02.20-15.54.58:887][922]LogModuleManager: Shutting down and abandoning module SequenceRecorder (118)
[2017.02.20-15.54.58:887][922]LogModuleManager: Shutting down and abandoning module AutomationController (117)
[2017.02.20-15.54.58:887][922]LogModuleManager: Shutting down and abandoning module AutomationWorker (116)
[2017.02.20-15.54.58:887][922]LogModuleManager: Shutting down and abandoning module GameplayDebugger (115)
[2017.02.20-15.54.58:887][922]LogModuleManager: Shutting down and abandoning module AITestSuite (114)
[2017.02.20-15.54.58:887][922]LogModuleManager: Shutting down and abandoning module AIModule (113)
[2017.02.20-15.54.58:887][922]LogModuleManager: Shutting down and abandoning module WmfMediaFactory (112)
[2017.02.20-15.54.58:887][922]LogModuleManager: Shutting down and abandoning module AvfMediaFactory (111)
[2017.02.20-15.54.58:887][922]LogModuleManager: Shutting down and abandoning module Media (110)
[2017.02.20-15.54.58:887][922]LogModuleManager: Shutting down and abandoning module AndroidMediaFactory (109)
[2017.02.20-15.54.58:887][922]LogModuleManager: Shutting down and abandoning module CharacterAI (108)
[2017.02.20-15.54.58:887][922]LogModuleManager: Shutting down and abandoning module SessionServices (107)
[2017.02.20-15.54.58:887][922]LogModuleManager: Shutting down and abandoning module MovieSceneCapture (106)
[2017.02.20-15.54.58:887][922]LogModuleManager: Shutting down and abandoning module Niagara (105)
[2017.02.20-15.54.58:887][922]LogModuleManager: Shutting down and abandoning module StreamingPauseRendering (104)
[2017.02.20-15.54.58:887][922]LogModuleManager: Shutting down and abandoning module PortalServices (103)
[2017.02.20-15.54.58:887][922]LogModuleManager: Shutting down and abandoning module PortalRpc (102)
[2017.02.20-15.54.58:887][922]LogModuleManager: Shutting down and abandoning module MessagingRpc (101)
[2017.02.20-15.54.58:887][922]LogModuleManager: Shutting down and abandoning module ProfilerService (100)
[2017.02.20-15.54.58:968][922]LogModuleManager: Shutting down and abandoning module TaskGraph (99)
[2017.02.20-15.54.58:968][922]LogModuleManager: Shutting down and abandoning module SlateRemote (98)
[2017.02.20-15.54.58:968][922]LogModuleManager: Shutting down and abandoning module SteamVRController (97)
[2017.02.20-15.54.58:968][922]LogModuleManager: Shutting down and abandoning module SteamVR (96)
[2017.02.20-15.54.58:968][922]LogModuleManager: Shutting down and abandoning module ProceduralMeshComponent (95)
[2017.02.20-15.54.58:968][922]LogModuleManager: Shutting down and abandoning module OculusLibrary (94)
[2017.02.20-15.54.58:968][922]LogModuleManager: Shutting down and abandoning module OculusInput (93)
[2017.02.20-15.54.58:968][922]LogModuleManager: Shutting down and abandoning module CustomMeshComponent (92)
[2017.02.20-15.54.58:968][922]LogModuleManager: Shutting down and abandoning module CableComponent (91)
[2017.02.20-15.54.58:968][922]LogModuleManager: Shutting down and abandoning module ArchVisCharacter (90)
[2017.02.20-15.54.58:968][922]LogModuleManager: Shutting down and abandoning module HTML5Networking (88)
[2017.02.20-15.54.58:968][922]LogModuleManager: Shutting down and abandoning module DesktopPlatform (87)
[2017.02.20-15.54.58:968][922]LogModuleManager: Shutting down and abandoning module DirectoryWatcher (86)
[2017.02.20-15.54.58:968][922]LogModuleManager: Shutting down and abandoning module HotReload (85)
[2017.02.20-15.54.58:968][922]LogModuleManager: Shutting down and abandoning module VisualStudioSourceCodeAccess (84)
[2017.02.20-15.54.58:968][922]LogModuleManager: Shutting down and abandoning module UObjectPlugin (83)
[2017.02.20-15.54.58:968][922]LogModuleManager: Shutting down and abandoning module SubversionSourceControl (82)
[2017.02.20-15.54.58:968][922]LogModuleManager: Shutting down and abandoning module SourceControl (81)
[2017.02.20-15.54.58:968][922]LogModuleManager: Shutting down and abandoning module PerforceSourceControl (80)
[2017.02.20-15.54.58:968][922]LogModuleManager: Shutting down and abandoning module UdpMessaging (79)
[2017.02.20-15.54.59:069][922]LogModuleManager: Shutting down and abandoning module TcpMessaging (78)
[2017.02.20-15.54.59:553][922]LogModuleManager: Shutting down and abandoning module LightPropagationVolumeRuntime (77)
[2017.02.20-15.54.59:553][922]LogModuleManager: Shutting down and abandoning module Paper2D (76)
[2017.02.20-15.54.59:553][922]LogModuleManager: Shutting down and abandoning module WindowsMoviePlayer (75)
[2017.02.20-15.54.59:553][922]LogModuleManager: Shutting down and abandoning module WmfMedia (74)
[2017.02.20-15.54.59:553][922]LogModuleManager: Shutting down and abandoning module MediaAssets (73)
[2017.02.20-15.54.59:553][922]LogModuleManager: Shutting down and abandoning module GameLiveStreaming (72)
[2017.02.20-15.54.59:553][922]LogModuleManager: Shutting down and abandoning module GameplayTagsEditor (71)
[2017.02.20-15.54.59:553][922]LogModuleManager: Shutting down and abandoning module VREditor (70)
[2017.02.20-15.54.59:553][922]LogModuleManager: Shutting down and abandoning module GameplayTasksEditor (69)
[2017.02.20-15.54.59:553][922]LogModuleManager: Shutting down and abandoning module PropertyEditor (68)
[2017.02.20-15.54.59:553][922]LogModuleManager: Shutting down and abandoning module BehaviorTreeEditor (67)
[2017.02.20-15.54.59:553][922]LogModuleManager: Shutting down and abandoning module FunctionalTesting (66)
[2017.02.20-15.54.59:553][922]LogModuleManager: Shutting down and abandoning module CollisionAnalyzer (65)
[2017.02.20-15.54.59:553][922]LogModuleManager: Shutting down and abandoning module Sequencer (64)
[2017.02.20-15.54.59:553][922]LogModuleManager: Shutting down and abandoning module WorkspaceMenuStructure (63)
[2017.02.20-15.54.59:553][922]LogModuleManager: Shutting down and abandoning module MessageLog (62)
[2017.02.20-15.54.59:553][922]LogModuleManager: Shutting down and abandoning module AssetTools (61)
[2017.02.20-15.54.59:554][922]LogModuleManager: Shutting down and abandoning module UMGEditor (60)
[2017.02.20-15.54.59:554][922]LogModuleManager: Shutting down and abandoning module UMG (59)
[2017.02.20-15.54.59:554][922]LogModuleManager: Shutting down and abandoning module SlateReflector (58)
[2017.02.20-15.54.59:554][922]LogModuleManager: Shutting down and abandoning module Slate (57)
[2017.02.20-15.54.59:554][922]LogModuleManager: Shutting down and abandoning module EditorStyle (56)
[2017.02.20-15.54.59:555][922]LogModuleManager: Shutting down and abandoning module Messaging (55)
[2017.02.20-15.54.59:555][922]LogModuleManager: Shutting down and abandoning module SourceCodeAccess (54)
[2017.02.20-15.54.59:555][922]LogModuleManager: Shutting down and abandoning module HeadMountedDisplay (53)
[2017.02.20-15.54.59:555][922]LogModuleManager: Shutting down and abandoning module XAudio2 (52)
[2017.02.20-15.54.59:555][922]LogModuleManager: Shutting down and abandoning module Networking (50)
[2017.02.20-15.54.59:555][922]LogModuleManager: Shutting down and abandoning module Core (49)
[2017.02.20-15.54.59:555][922]LogModuleManager: Shutting down and abandoning module KismetCompiler (48)
[2017.02.20-15.54.59:555][922]LogModuleManager: Shutting down and abandoning module PhysXFormats (47)
[2017.02.20-15.54.59:555][922]LogModuleManager: Shutting down and abandoning module MeshUtilities (46)
[2017.02.20-15.54.59:555][922]LogModuleManager: Shutting down and abandoning module AssetRegistry (45)
[2017.02.20-15.54.59:556][922]LogModuleManager: Shutting down and abandoning module DerivedDataCache (44)
[2017.02.20-15.54.59:880][922]LogDerivedDataCache: Shutdown
[2017.02.20-15.54.59:880][922]LogModuleManager: Shutting down and abandoning module VulkanShaderFormat (43)
[2017.02.20-15.54.59:880][922]LogModuleManager: Shutting down and abandoning module ShaderFormatOpenGL (42)
[2017.02.20-15.54.59:880][922]LogModuleManager: Shutting down and abandoning module ShaderFormatD3D (41)
[2017.02.20-15.54.59:880][922]LogModuleManager: Shutting down and abandoning module MetalShaderFormat (40)
[2017.02.20-15.54.59:880][922]LogModuleManager: Shutting down and abandoning module TextureFormatUncompressed (39)
[2017.02.20-15.54.59:880][922]LogModuleManager: Shutting down and abandoning module TextureFormatPVR (38)
[2017.02.20-15.54.59:880][922]LogModuleManager: Shutting down and abandoning module TextureFormatDXT (37)
[2017.02.20-15.54.59:880][922]LogModuleManager: Shutting down and abandoning module TextureFormatIntelISPCTexComp (36)
[2017.02.20-15.54.59:880][922]LogModuleManager: Shutting down and abandoning module ImageWrapper (35)
[2017.02.20-15.54.59:880][922]LogModuleManager: Shutting down and abandoning module TextureFormatASTC (34)
[2017.02.20-15.54.59:880][922]LogModuleManager: Shutting down and abandoning module TextureFormatAndroid (33)
[2017.02.20-15.54.59:880][922]LogModuleManager: Shutting down and abandoning module AudioFormatOpus (32)
[2017.02.20-15.54.59:880][922]LogModuleManager: Shutting down and abandoning module AudioFormatOgg (31)
[2017.02.20-15.54.59:880][922]LogModuleManager: Shutting down and abandoning module AudioFormatADPCM (30)
[2017.02.20-15.54.59:880][922]LogModuleManager: Shutting down and abandoning module WindowsTargetPlatform (29)
[2017.02.20-15.54.59:880][922]LogModuleManager: Shutting down and abandoning module WindowsServerTargetPlatform (28)
[2017.02.20-15.54.59:880][922]LogModuleManager: Shutting down and abandoning module WindowsNoEditorTargetPlatform (27)
[2017.02.20-15.54.59:880][922]LogModuleManager: Shutting down and abandoning module WindowsClientTargetPlatform (26)
[2017.02.20-15.54.59:880][922]LogModuleManager: Shutting down and abandoning module TargetPlatform (25)
[2017.02.20-15.54.59:880][922]LogModuleManager: Shutting down and abandoning module InputCore (24)
[2017.02.20-15.54.59:880][922]LogModuleManager: Shutting down and abandoning module Settings (23)
[2017.02.20-15.54.59:880][922]LogModuleManager: Shutting down and abandoning module OculusRift (22)
[2017.02.20-15.54.59:880][922]LogModuleManager: Shutting down and abandoning module GearVR (21)
[2017.02.20-15.54.59:880][922]LogModuleManager: Shutting down and abandoning module ExampleDeviceProfileSelector (20)
[2017.02.20-15.54.59:880][922]LogModuleManager: Shutting down and abandoning module OnlineBlueprintSupport (19)
[2017.02.20-15.54.59:880][922]LogModuleManager: Shutting down and abandoning module OnlineSubsystem (17)
[2017.02.20-15.54.59:880][922]LogOnline:Display: Unloading online subsystem: NULL
[2017.02.20-15.54.59:880][922]LogModuleManager: Shutting down and abandoning module HTTP (16)
[2017.02.20-15.54.59:898][922]LogModuleManager: Shutting down and abandoning module XMPP (15)
[2017.02.20-15.54.59:898][922]LogModuleManager: Shutting down and abandoning module TextureCompressor (14)
[2017.02.20-15.54.59:898][922]LogModuleManager: Shutting down and abandoning module ShaderCore (13)
[2017.02.20-15.54.59:898][922]LogModuleManager: Shutting down and abandoning module Landscape (12)
[2017.02.20-15.54.59:898][922]LogModuleManager: Shutting down and abandoning module SlateRHIRenderer (11)
[2017.02.20-15.54.59:899][922]LogModuleManager: Shutting down and abandoning module OpenGLDrv (10)
[2017.02.20-15.54.59:899][922]LogModuleManager: Shutting down and abandoning module D3D11RHI (9)
[2017.02.20-15.54.59:899][922]LogModuleManager: Shutting down and abandoning module AnimGraphRuntime (8)
[2017.02.20-15.54.59:899][922]LogModuleManager: Shutting down and abandoning module Renderer (7)
[2017.02.20-15.54.59:899][922]LogModuleManager: Shutting down and abandoning module Engine (6)
[2017.02.20-15.54.59:899][922]LogModuleManager: Shutting down and abandoning module CoreUObject (5)
[2017.02.20-15.54.59:899][922]LogModuleManager: Shutting down and abandoning module NetworkFile (4)
[2017.02.20-15.54.59:899][922]LogModuleManager: Shutting down and abandoning module StreamingFile (3)
[2017.02.20-15.54.59:899][922]LogModuleManager: Shutting down and abandoning module SandboxFile (2)
[2017.02.20-15.54.59:899][922]LogModuleManager: Shutting down and abandoning module PakFile (1)
[2017.02.20-15.54.59:900][922]LogExit: Exiting.
[2017.02.20-15.54.59:901][922]Log file closed, 02/20/17 10:54:59
